<?xml version="1.0" encoding="UTF-8"?>
<!-- Generated by org.testng.reporters.JUnitReportReporter -->
<testsuite hostname="DESKTOP-8M07T9M" failures="0" tests="1" name="com.bmusa.TestCases.Mobile_StoreandZipupdateVerification" time="18.187" errors="0" timestamp="2021-06-07T21:42:06 IST" skipped="0">
  <testcase classname="com.bmusa.TestCases.Mobile_StoreandZipupdateVerification" name="mobileStorelocator" time="18.187"/>
  <system-out/>
</testsuite> <!-- com.bmusa.TestCases.Mobile_StoreandZipupdateVerification -->
