<?xml version="1.0" encoding="UTF-8"?>
<!-- Generated by org.testng.reporters.JUnitReportReporter -->
<testsuite hostname="DESKTOP-8M07T9M" failures="0" tests="3" name="TestCases.userProfile" time="58.515" errors="0" timestamp="2021-05-27T14:51:02 IST" skipped="0">
  <testcase classname="TestCases.userProfile" name="myAccountLeftnavigation" time="19.961"/>
  <system-out/>
  <testcase classname="TestCases.userProfile" name="editProfile" time="23.571"/>
  <system-out/>
  <testcase classname="TestCases.userProfile" name="forgotpassword" time="14.983"/>
  <system-out/>
</testsuite> <!-- TestCases.userProfile -->
