<?xml version="1.0" encoding="UTF-8"?>
<!-- Generated by org.testng.reporters.JUnitReportReporter -->
<testsuite hostname="DESKTOP-8M07T9M" failures="0" tests="5" name="com.bmusa.TestCases.Mobile_SearchandBrowserVerification" time="337.857" errors="0" timestamp="2021-06-07T21:42:06 IST" skipped="0">
  <testcase classname="com.bmusa.TestCases.Mobile_SearchandBrowserVerification" name="VerifyMobilesearchasGuest" time="228.068"/>
  <system-out/>
  <testcase classname="com.bmusa.TestCases.Mobile_SearchandBrowserVerification" name="mobilePDPAddtoCart" time="33.543"/>
  <system-out/>
  <testcase classname="com.bmusa.TestCases.Mobile_SearchandBrowserVerification" name="verifyMobileplp" time="25.778"/>
  <system-out/>
  <testcase classname="com.bmusa.TestCases.Mobile_SearchandBrowserVerification" name="verifyMobileCategoryNaviagtion" time="20.479"/>
  <system-out/>
  <testcase classname="com.bmusa.TestCases.Mobile_SearchandBrowserVerification" name="verifymobilePLPaddtocart" time="29.989"/>
  <system-out/>
</testsuite> <!-- com.bmusa.TestCases.Mobile_SearchandBrowserVerification -->
