<?xml version="1.0" encoding="UTF-8"?>
<!-- Generated by org.testng.reporters.JUnitReportReporter -->
<testsuite hostname="DESKTOP-8M07T9M" failures="0" tests="1" name="com.bmusa.TestCases.Desktop_StoreandZipupdateVerification" time="21.618" errors="0" timestamp="2021-06-07T21:42:06 IST" skipped="0">
  <testcase classname="com.bmusa.TestCases.Desktop_StoreandZipupdateVerification" name="verifyzipupdate" time="21.618"/>
  <system-out/>
</testsuite> <!-- com.bmusa.TestCases.Desktop_StoreandZipupdateVerification -->
