<?xml version="1.0" encoding="UTF-8"?>
<!-- Generated by org.testng.reporters.JUnitReportReporter -->
<testsuite hostname="DESKTOP-8M07T9M" failures="0" tests="2" name="com.bmusa.TestCases.Desktop_staticpageValidation" time="106.098" errors="0" timestamp="2021-06-25T15:25:04 IST" skipped="0">
  <testcase classname="com.bmusa.TestCases.Desktop_staticpageValidation" name="verifyweeklyad" time="89.321"/>
  <system-out/>
  <testcase classname="com.bmusa.TestCases.Desktop_staticpageValidation" name="validateClerancePage" time="16.777"/>
  <system-out/>
</testsuite> <!-- com.bmusa.TestCases.Desktop_staticpageValidation -->
