<?xml version="1.0" encoding="UTF-8"?>
<!-- Generated by org.testng.reporters.JUnitReportReporter -->
<testsuite hostname="DESKTOP-8M07T9M" failures="0" tests="2" name="com.bmusa.TestCases.Desktop_AccountVerification" time="44.304" errors="0" timestamp="2021-06-24T14:00:01 IST" skipped="0">
  <testcase classname="com.bmusa.TestCases.Desktop_AccountVerification" name="BannerVerification" time="19.218"/>
  <system-out/>
  <testcase classname="com.bmusa.TestCases.Desktop_AccountVerification" name="loginverification" time="25.086"/>
  <system-out/>
</testsuite> <!-- com.bmusa.TestCases.Desktop_AccountVerification -->
