<?xml version="1.0" encoding="UTF-8"?>
<!-- Generated by org.testng.reporters.JUnitReportReporter -->
<testsuite hostname="DESKTOP-8M07T9M" failures="0" tests="3" name="com.bmusa.TestCases.Desktop_cartfunctionalitiesVerification" time="130.730" errors="0" timestamp="2021-06-24T14:00:01 IST" skipped="0">
  <testcase classname="com.bmusa.TestCases.Desktop_cartfunctionalitiesVerification" name="verifycartsummary" time="36.070"/>
  <system-out/>
  <testcase classname="com.bmusa.TestCases.Desktop_cartfunctionalitiesVerification" name="verifyCartUpdate" time="26.470"/>
  <system-out/>
  <testcase classname="com.bmusa.TestCases.Desktop_cartfunctionalitiesVerification" name="verifyInstorePickup" time="68.190"/>
  <system-out/>
</testsuite> <!-- com.bmusa.TestCases.Desktop_cartfunctionalitiesVerification -->
