<?xml version="1.0" encoding="UTF-8"?>
<!-- Generated by org.testng.reporters.JUnitReportReporter -->
<testsuite hostname="DESKTOP-8M07T9M" failures="0" tests="3" name="com.bmusa.TestCases.Desktop_userAccountVerification" time="202.746" errors="0" timestamp="2021-06-09T15:30:57 IST" skipped="0">
  <testcase classname="com.bmusa.TestCases.Desktop_userAccountVerification" name="landingOnAccountoverviewPage" time="33.587"/>
  <system-out/>
  <testcase classname="com.bmusa.TestCases.Desktop_userAccountVerification" name="verifyforgotpassword" time="32.269"/>
  <system-out/>
  <testcase classname="com.bmusa.TestCases.Desktop_userAccountVerification" name="verifyEditProfile" time="136.890"/>
  <system-out/>
</testsuite> <!-- com.bmusa.TestCases.Desktop_userAccountVerification -->
