<?xml version="1.0" encoding="UTF-8"?>
<!-- Generated by org.testng.reporters.JUnitReportReporter -->
<testsuite skipped="0" hostname="DESKTOP-8M07T9M" name="TestCases.Parametersxml" tests="2" failures="0" timestamp="2021-05-18T13:29:18 IST" time="0.012" errors="0">
  <testcase name="Testngparameters" time="0.011" classname="TestCases.Parametersxml"/>
  <system-out/>
  <testcase name="Testngparameters" time="0.001" classname="TestCases.Parametersxml"/>
  <system-out/>
</testsuite> <!-- TestCases.Parametersxml -->
