<?xml version="1.0" encoding="UTF-8"?>
<!-- Generated by org.testng.reporters.JUnitReportReporter -->
<testsuite hostname="DESKTOP-8M07T9M" failures="0" tests="2" name="com.bmusa.TestCases.Desktop_StoreandZipupdateVerification" time="38.939" errors="0" timestamp="2021-06-25T15:25:04 IST" skipped="0">
  <testcase classname="com.bmusa.TestCases.Desktop_StoreandZipupdateVerification" name="verifyzipupdate" time="21.232"/>
  <system-out/>
  <testcase classname="com.bmusa.TestCases.Desktop_StoreandZipupdateVerification" name="verifystorelocatorpage" time="17.707"/>
  <system-out/>
</testsuite> <!-- com.bmusa.TestCases.Desktop_StoreandZipupdateVerification -->
