<?xml version="1.0" encoding="UTF-8"?>
<!-- Generated by org.testng.reporters.JUnitReportReporter -->
<testsuite hostname="DESKTOP-8M07T9M" failures="0" tests="1" name="ParallelTest.ParallelExecution" time="10.267" errors="0" timestamp="2021-05-21T22:56:19 IST" skipped="0">
  <testcase classname="ParallelTest.ParallelExecution" name="onClickLoginlink" time="10.267"/>
  <system-out/>
</testsuite> <!-- ParallelTest.ParallelExecution -->
