<?xml version="1.0" encoding="UTF-8"?>
<!-- Generated by org.testng.reporters.JUnitReportReporter -->
<testsuite hostname="DESKTOP-8M07T9M" failures="0" tests="5" name="com.bmusa.TestCases.Desktop_SearchandBrowserVerification" time="102.510" errors="0" timestamp="2021-06-24T14:00:01 IST" skipped="0">
  <testcase classname="com.bmusa.TestCases.Desktop_SearchandBrowserVerification" name="verifyplp" time="22.149"/>
  <system-out/>
  <testcase classname="com.bmusa.TestCases.Desktop_SearchandBrowserVerification" name="verifypddaddtocart" time="20.784"/>
  <system-out/>
  <testcase classname="com.bmusa.TestCases.Desktop_SearchandBrowserVerification" name="verifyplpaddtocart" time="23.690"/>
  <system-out/>
  <testcase classname="com.bmusa.TestCases.Desktop_SearchandBrowserVerification" name="verifycategory" time="17.246"/>
  <system-out/>
  <testcase classname="com.bmusa.TestCases.Desktop_SearchandBrowserVerification" name="verifysearchasGuest" time="18.641"/>
  <system-out/>
</testsuite> <!-- com.bmusa.TestCases.Desktop_SearchandBrowserVerification -->
