<?xml version="1.0" encoding="UTF-8"?>
<!-- Generated by org.testng.reporters.JUnitReportReporter -->
<testsuite hostname="DESKTOP-8M07T9M" failures="0" tests="5" name="com.bmusa.TestCases.Desktop_SearchandBrowserVerification" time="128.185" errors="0" timestamp="2021-06-09T15:30:57 IST" skipped="0">
  <testcase classname="com.bmusa.TestCases.Desktop_SearchandBrowserVerification" name="verifyplp" time="22.594"/>
  <system-out/>
  <testcase classname="com.bmusa.TestCases.Desktop_SearchandBrowserVerification" name="verifypddaddtocart" time="29.226"/>
  <system-out/>
  <testcase classname="com.bmusa.TestCases.Desktop_SearchandBrowserVerification" name="verifyplpaddtocart" time="26.404"/>
  <system-out/>
  <testcase classname="com.bmusa.TestCases.Desktop_SearchandBrowserVerification" name="verifysearchasGuest" time="27.000"/>
  <system-out/>
  <testcase classname="com.bmusa.TestCases.Desktop_SearchandBrowserVerification" name="verifycategory" time="22.961"/>
  <system-out/>
</testsuite> <!-- com.bmusa.TestCases.Desktop_SearchandBrowserVerification -->
