<?xml version="1.0" encoding="UTF-8"?>
<!-- Generated by org.testng.reporters.JUnitReportReporter -->
<testsuite hostname="DESKTOP-8M07T9M" failures="0" tests="3" name="com.bmusa.TestCases.Desktop_userAccountVerification" time="90.880" errors="0" timestamp="2021-06-07T21:42:06 IST" skipped="0">
  <testcase classname="com.bmusa.TestCases.Desktop_userAccountVerification" name="landingOnAccountoverviewPage" time="30.971"/>
  <system-out/>
  <testcase classname="com.bmusa.TestCases.Desktop_userAccountVerification" name="verifyEditProfile" time="36.535"/>
  <system-out/>
  <testcase classname="com.bmusa.TestCases.Desktop_userAccountVerification" name="verifyforgotpassword" time="23.374"/>
  <system-out/>
</testsuite> <!-- com.bmusa.TestCases.Desktop_userAccountVerification -->
