<?xml version="1.0" encoding="UTF-8"?>
<!-- Generated by org.testng.reporters.JUnitReportReporter -->
<testsuite hostname="DESKTOP-8M07T9M" failures="0" tests="2" name="com.bmusa.TestCases.Desktop_userAccountVerification" time="70.529" errors="0" timestamp="2021-06-25T15:50:55 IST" skipped="0">
  <testcase classname="com.bmusa.TestCases.Desktop_userAccountVerification" name="landingOnAccountoverviewPage" time="30.122"/>
  <system-out/>
  <testcase classname="com.bmusa.TestCases.Desktop_userAccountVerification" name="verifyEditProfile" time="40.407"/>
  <system-out/>
</testsuite> <!-- com.bmusa.TestCases.Desktop_userAccountVerification -->
