<?xml version="1.0" encoding="UTF-8"?>
<!-- Generated by org.testng.reporters.JUnitReportReporter -->
<testsuite hostname="DESKTOP-8M07T9M" failures="0" tests="5" name="com.bmusa.TestCases.Mobile_SearchandBrowserVerification" time="127.322" errors="0" timestamp="2021-06-09T15:30:57 IST" skipped="0">
  <testcase classname="com.bmusa.TestCases.Mobile_SearchandBrowserVerification" name="verifymobilePLPaddtocart" time="28.853"/>
  <system-out/>
  <testcase classname="com.bmusa.TestCases.Mobile_SearchandBrowserVerification" name="mobilePDPAddtoCart" time="41.380"/>
  <system-out/>
  <testcase classname="com.bmusa.TestCases.Mobile_SearchandBrowserVerification" name="verifyMobileCategoryNaviagtion" time="20.121"/>
  <system-out/>
  <testcase classname="com.bmusa.TestCases.Mobile_SearchandBrowserVerification" name="VerifyMobilesearchasGuest" time="20.087"/>
  <system-out/>
  <testcase classname="com.bmusa.TestCases.Mobile_SearchandBrowserVerification" name="verifyMobileplp" time="16.881"/>
  <system-out/>
</testsuite> <!-- com.bmusa.TestCases.Mobile_SearchandBrowserVerification -->
