<?xml version="1.0" encoding="UTF-8"?>
<!-- Generated by org.testng.reporters.JUnitReportReporter -->
<testsuite hostname="DESKTOP-8M07T9M" failures="0" tests="1" name="com.bmusa.TestCases.Mobile_staticValidation" time="18.580" errors="0" timestamp="2021-06-25T15:25:04 IST" skipped="0">
  <testcase classname="com.bmusa.TestCases.Mobile_staticValidation" name="verifyClearancePage" time="18.580"/>
  <system-out/>
</testsuite> <!-- com.bmusa.TestCases.Mobile_staticValidation -->
