<?xml version="1.0" encoding="UTF-8"?>
<!-- Generated by org.testng.reporters.JUnitReportReporter -->
<testsuite hostname="DESKTOP-8M07T9M" failures="0" tests="3" name="com.bmusa.TestCases.Mobile_cartfunctionalitiesVerification" time="133.031" errors="0" timestamp="2021-06-25T15:25:04 IST" skipped="0">
  <testcase classname="com.bmusa.TestCases.Mobile_cartfunctionalitiesVerification" name="verifymobileQtyUpdate" time="41.910"/>
  <system-out/>
  <testcase classname="com.bmusa.TestCases.Mobile_cartfunctionalitiesVerification" name="verifyMobileInstorePickup" time="62.089"/>
  <system-out/>
  <testcase classname="com.bmusa.TestCases.Mobile_cartfunctionalitiesVerification" name="verifymobilecartSummary" time="29.032"/>
  <system-out/>
</testsuite> <!-- com.bmusa.TestCases.Mobile_cartfunctionalitiesVerification -->
