<?xml version="1.0" encoding="UTF-8"?>
<!-- Generated by org.testng.reporters.JUnitReportReporter -->
<testsuite hostname="DESKTOP-8M07T9M" failures="0" tests="2" name="com.bmusa.TestCases.Desktop_AccountVerification" time="45.001" errors="0" timestamp="2021-06-07T21:42:06 IST" skipped="0">
  <testcase classname="com.bmusa.TestCases.Desktop_AccountVerification" name="BannerVerification" time="15.854"/>
  <system-out/>
  <testcase classname="com.bmusa.TestCases.Desktop_AccountVerification" name="loginverification" time="29.147"/>
  <system-out/>
</testsuite> <!-- com.bmusa.TestCases.Desktop_AccountVerification -->
