<?xml version="1.0" encoding="UTF-8"?>
<!-- Generated by org.testng.reporters.JUnitReportReporter -->
<testsuite hostname="DESKTOP-8M07T9M" failures="0" tests="2" name="com.bmusa.TestCases.Desktop_staticpageValidation" time="51.830" errors="0" timestamp="2021-06-24T14:00:01 IST" skipped="0">
  <testcase classname="com.bmusa.TestCases.Desktop_staticpageValidation" name="validateClerancePage" time="13.435"/>
  <system-out/>
  <testcase classname="com.bmusa.TestCases.Desktop_staticpageValidation" name="verifyweeklyad" time="38.395"/>
  <system-out/>
</testsuite> <!-- com.bmusa.TestCases.Desktop_staticpageValidation -->
