<?xml version="1.0" encoding="UTF-8"?>
<!-- Generated by org.testng.reporters.JUnitReportReporter -->
<testsuite hostname="DESKTOP-8M07T9M" failures="0" tests="1" name="com.bmusa.TestCases.Mobile_staticValidation" time="94.955" errors="0" timestamp="2021-06-24T14:00:01 IST" skipped="0">
  <testcase classname="com.bmusa.TestCases.Mobile_staticValidation" name="verifyMobileweeklyad" time="94.955"/>
  <system-out/>
</testsuite> <!-- com.bmusa.TestCases.Mobile_staticValidation -->
