<?xml version="1.0" encoding="UTF-8"?>
<!-- Generated by org.testng.reporters.JUnitReportReporter -->
<testsuite hostname="DESKTOP-8M07T9M" failures="0" tests="3" name="com.bmusa.TestCases.Mobile_userAccountVerification" time="92.625" errors="0" timestamp="2021-06-09T15:30:56 IST" skipped="0">
  <testcase classname="com.bmusa.TestCases.Mobile_userAccountVerification" name="verifymobileforgotpassword" time="21.640"/>
  <system-out/>
  <testcase classname="com.bmusa.TestCases.Mobile_userAccountVerification" name="verifymobileEditProfile" time="45.091"/>
  <system-out/>
  <testcase classname="com.bmusa.TestCases.Mobile_userAccountVerification" name="verifyMobileAccountnavigation" time="25.894"/>
  <system-out/>
</testsuite> <!-- com.bmusa.TestCases.Mobile_userAccountVerification -->
