<?xml version="1.0" encoding="UTF-8"?>
<!-- Generated by org.testng.reporters.JUnitReportReporter -->
<testsuite skipped="0" hostname="DESKTOP-8M07T9M" name="TestCases.userProfile" tests="2" failures="0" timestamp="2021-05-17T23:16:15 IST" time="0.007" errors="0">
  <testcase name="doLogout" time="0.002" classname="TestCases.userProfile"/>
  <system-out/>
  <testcase name="doLogin" time="0.005" classname="TestCases.userProfile"/>
  <system-out/>
</testsuite> <!-- TestCases.userProfile -->
