<?xml version="1.0" encoding="UTF-8"?>
<!-- Generated by org.testng.reporters.JUnitReportReporter -->
<testsuite hostname="DESKTOP-8M07T9M" failures="0" tests="3" name="com.bmusa.TestCases.Desktop_cartfunctionalitiesVerification" time="144.494" errors="0" timestamp="2021-06-09T15:30:57 IST" skipped="0">
  <testcase classname="com.bmusa.TestCases.Desktop_cartfunctionalitiesVerification" name="verifyCartUpdate" time="29.393"/>
  <system-out/>
  <testcase classname="com.bmusa.TestCases.Desktop_cartfunctionalitiesVerification" name="verifyInstorePickup" time="69.768"/>
  <system-out/>
  <testcase classname="com.bmusa.TestCases.Desktop_cartfunctionalitiesVerification" name="verifycartsummary" time="45.333"/>
  <system-out/>
</testsuite> <!-- com.bmusa.TestCases.Desktop_cartfunctionalitiesVerification -->
