<?xml version="1.0" encoding="UTF-8"?>
<!-- Generated by org.testng.reporters.JUnitReportReporter -->
<testsuite hostname="DESKTOP-8M07T9M" failures="0" tests="2" name="com.bmusa.TestCases.Desktop_AccountVerification" time="42.705" errors="0" timestamp="2021-06-09T15:30:57 IST" skipped="0">
  <testcase classname="com.bmusa.TestCases.Desktop_AccountVerification" name="loginverification" time="27.111"/>
  <system-out/>
  <testcase classname="com.bmusa.TestCases.Desktop_AccountVerification" name="BannerVerification" time="15.594"/>
  <system-out/>
</testsuite> <!-- com.bmusa.TestCases.Desktop_AccountVerification -->
