<?xml version="1.0" encoding="UTF-8"?>
<!-- Generated by org.testng.reporters.JUnitReportReporter -->
<testsuite hostname="DESKTOP-8M07T9M" failures="0" tests="1" name="com.bmusa.TestCases.Mobile_StoreandZipupdateVerification" time="20.262" errors="0" timestamp="2021-06-09T15:30:57 IST" skipped="0">
  <testcase classname="com.bmusa.TestCases.Mobile_StoreandZipupdateVerification" name="mobileStorelocator" time="20.262"/>
  <system-out/>
</testsuite> <!-- com.bmusa.TestCases.Mobile_StoreandZipupdateVerification -->
