<?xml version="1.0" encoding="UTF-8"?>
<!-- Generated by org.testng.reporters.JUnitReportReporter -->
<testsuite hostname="DESKTOP-8M07T9M" failures="0" tests="3" name="com.bmusa.TestCases.cartfunctionalitiesVerification" time="100.819" errors="0" timestamp="2021-06-04T22:25:46 IST" skipped="0">
  <testcase classname="com.bmusa.TestCases.cartfunctionalitiesVerification" name="verifyCartUpdate" time="22.733"/>
  <system-out/>
  <testcase classname="com.bmusa.TestCases.cartfunctionalitiesVerification" name="verifyInstorePickup" time="48.775"/>
  <system-out/>
  <testcase classname="com.bmusa.TestCases.cartfunctionalitiesVerification" name="verifycartsummary" time="29.311"/>
  <system-out/>
</testsuite> <!-- com.bmusa.TestCases.cartfunctionalitiesVerification -->
