<?xml version="1.0" encoding="UTF-8"?>
<!-- Generated by org.testng.reporters.JUnitReportReporter -->
<testsuite hostname="DESKTOP-8M07T9M" failures="0" tests="2" name="com.bmusa.TestCases.Mobile_AccountVerification" time="53.503" errors="0" timestamp="2021-06-25T15:25:04 IST" skipped="0">
  <testcase classname="com.bmusa.TestCases.Mobile_AccountVerification" name="loginverification" time="33.297"/>
  <system-out/>
  <testcase classname="com.bmusa.TestCases.Mobile_AccountVerification" name="BannerVerification" time="20.206"/>
  <system-out/>
</testsuite> <!-- com.bmusa.TestCases.Mobile_AccountVerification -->
