<?xml version="1.0" encoding="UTF-8"?>
<!-- Generated by org.testng.reporters.JUnitReportReporter -->
<testsuite hostname="DESKTOP-8M07T9M" failures="0" tests="3" name="com.bmusa.TestCases.Mobile_cartfunctionalitiesVerification" time="112.049" errors="0" timestamp="2021-06-09T15:30:57 IST" skipped="0">
  <testcase classname="com.bmusa.TestCases.Mobile_cartfunctionalitiesVerification" name="verifymobilecartSummary" time="30.790"/>
  <system-out/>
  <testcase classname="com.bmusa.TestCases.Mobile_cartfunctionalitiesVerification" name="verifyInstorePickup" time="49.086"/>
  <system-out/>
  <testcase classname="com.bmusa.TestCases.Mobile_cartfunctionalitiesVerification" name="verifymobileQtyUpdate" time="32.173"/>
  <system-out/>
</testsuite> <!-- com.bmusa.TestCases.Mobile_cartfunctionalitiesVerification -->
