<?xml version="1.0" encoding="UTF-8"?>
<!-- Generated by org.testng.reporters.JUnitReportReporter -->
<testsuite hostname="DESKTOP-8M07T9M" failures="0" tests="1" name="com.bmusa.TestCases.SearchandBrowserVerification" time="16.334" errors="0" timestamp="2021-06-04T22:25:46 IST" skipped="0">
  <testcase classname="com.bmusa.TestCases.SearchandBrowserVerification" name="verifysearchasGuest" time="16.334"/>
  <system-out/>
</testsuite> <!-- com.bmusa.TestCases.SearchandBrowserVerification -->
