<?xml version="1.0" encoding="UTF-8"?>
<!-- Generated by org.testng.reporters.JUnitReportReporter -->
<testsuite hostname="DESKTOP-8M07T9M" failures="0" tests="2" name="com.bmusa.TestCases.Mobile_SearchandBrowserVerification" time="46.408" errors="0" timestamp="2021-06-25T15:25:04 IST" skipped="0">
  <testcase classname="com.bmusa.TestCases.Mobile_SearchandBrowserVerification" name="mobilePDPAddtoCart" time="25.269"/>
  <system-out/>
  <testcase classname="com.bmusa.TestCases.Mobile_SearchandBrowserVerification" name="verifymobilePLPaddtocart" time="21.139"/>
  <system-out/>
</testsuite> <!-- com.bmusa.TestCases.Mobile_SearchandBrowserVerification -->
