<?xml version="1.0" encoding="UTF-8"?>
<!-- Generated by org.testng.reporters.JUnitReportReporter -->
<testsuite skipped="0" hostname="DESKTOP-8M07T9M" name="ParallelTest.ParallelExecution" tests="1" failures="0" timestamp="2021-05-18T17:15:29 IST" time="16.514" errors="0">
  <testcase name="driving" time="16.514" classname="ParallelTest.ParallelExecution"/>
  <system-out/>
</testsuite> <!-- ParallelTest.ParallelExecution -->
